<?xml version="1.0" encoding="UTF-8"?>
<testng-results ignored="0" total="5" passed="5" failed="0" skipped="0">
  <reporter-output>
  </reporter-output>
  <suite started-at="2021-09-07T20:13:10Z" name="UCSC Test Automation Demo" finished-at="2021-09-07T20:14:40Z" duration-ms="89945">
    <groups>
    </groups>
    <test started-at="2021-09-07T20:13:10Z" name="UCSC Test Automation Demo Testcases" finished-at="2021-09-07T20:14:40Z" duration-ms="89945">
      <class name="com.actitime.qa.testcases.HomePageTest">
        <test-method is-config="true" signature="seup()[pri:0, instance:com.actitime.qa.testcases.HomePageTest@32910148]" started-at="2021-09-07T20:13:10Z" name="seup" finished-at="2021-09-07T20:13:26Z" duration-ms="16230" status="PASS">
          <reporter-output>
          </reporter-output>
        </test-method> <!-- seup -->
        <test-method signature="homePageLogoTest()[pri:1, instance:com.actitime.qa.testcases.HomePageTest@32910148]" started-at="2021-09-07T20:13:26Z" name="homePageLogoTest" finished-at="2021-09-07T20:13:32Z" duration-ms="6050" status="PASS">
          <reporter-output>
          </reporter-output>
        </test-method> <!-- homePageLogoTest -->
        <test-method is-config="true" signature="tearDown()[pri:0, instance:com.actitime.qa.testcases.HomePageTest@32910148]" started-at="2021-09-07T20:13:32Z" name="tearDown" finished-at="2021-09-07T20:13:32Z" duration-ms="81" status="PASS">
          <reporter-output>
          </reporter-output>
        </test-method> <!-- tearDown -->
        <test-method is-config="true" signature="seup()[pri:0, instance:com.actitime.qa.testcases.HomePageTest@32910148]" started-at="2021-09-07T20:13:45Z" name="seup" finished-at="2021-09-07T20:14:00Z" duration-ms="14674" status="PASS">
          <reporter-output>
          </reporter-output>
        </test-method> <!-- seup -->
        <test-method signature="homePageTaskLinkTest()[pri:2, instance:com.actitime.qa.testcases.HomePageTest@32910148]" started-at="2021-09-07T20:14:00Z" name="homePageTaskLinkTest" finished-at="2021-09-07T20:14:09Z" duration-ms="8962" status="PASS">
          <reporter-output>
          </reporter-output>
        </test-method> <!-- homePageTaskLinkTest -->
        <test-method is-config="true" signature="tearDown()[pri:0, instance:com.actitime.qa.testcases.HomePageTest@32910148]" started-at="2021-09-07T20:14:09Z" name="tearDown" finished-at="2021-09-07T20:14:09Z" duration-ms="91" status="PASS">
          <reporter-output>
          </reporter-output>
        </test-method> <!-- tearDown -->
      </class> <!-- com.actitime.qa.testcases.HomePageTest -->
      <class name="com.actitime.qa.testcases.LogonPageTest">
        <test-method is-config="true" signature="seup()[pri:0, instance:com.actitime.qa.testcases.LogonPageTest@3f56875e]" started-at="2021-09-07T20:13:32Z" name="seup" finished-at="2021-09-07T20:13:45Z" duration-ms="12866" status="PASS">
          <reporter-output>
          </reporter-output>
        </test-method> <!-- seup -->
        <test-method signature="loginPageLogoTest()[pri:1, instance:com.actitime.qa.testcases.LogonPageTest@3f56875e]" started-at="2021-09-07T20:13:45Z" name="loginPageLogoTest" finished-at="2021-09-07T20:13:45Z" duration-ms="213" status="PASS">
          <reporter-output>
          </reporter-output>
        </test-method> <!-- loginPageLogoTest -->
        <test-method is-config="true" signature="tearDown()[pri:0, instance:com.actitime.qa.testcases.LogonPageTest@3f56875e]" started-at="2021-09-07T20:13:45Z" name="tearDown" finished-at="2021-09-07T20:13:45Z" duration-ms="76" status="PASS">
          <reporter-output>
          </reporter-output>
        </test-method> <!-- tearDown -->
        <test-method is-config="true" signature="seup()[pri:0, instance:com.actitime.qa.testcases.LogonPageTest@3f56875e]" started-at="2021-09-07T20:14:10Z" name="seup" finished-at="2021-09-07T20:14:23Z" duration-ms="13696" status="PASS">
          <reporter-output>
          </reporter-output>
        </test-method> <!-- seup -->
        <test-method signature="LoginTest(java.lang.String, java.lang.String)[pri:2, instance:com.actitime.qa.testcases.LogonPageTest@3f56875e]" started-at="2021-09-07T20:14:23Z" name="LoginTest" data-provider="getactiTimeTestData" finished-at="2021-09-07T20:14:24Z" duration-ms="1055" status="PASS">
          <params>
            <param index="0">
              <value>
                <![CDATA[admin]]>
              </value>
            </param>
            <param index="1">
              <value>
                <![CDATA[manager]]>
              </value>
            </param>
          </params>
          <reporter-output>
          </reporter-output>
        </test-method> <!-- LoginTest -->
        <test-method is-config="true" signature="tearDown()[pri:0, instance:com.actitime.qa.testcases.LogonPageTest@3f56875e]" started-at="2021-09-07T20:14:24Z" name="tearDown" finished-at="2021-09-07T20:14:24Z" duration-ms="83" status="PASS">
          <reporter-output>
          </reporter-output>
        </test-method> <!-- tearDown -->
        <test-method is-config="true" signature="seup()[pri:0, instance:com.actitime.qa.testcases.LogonPageTest@3f56875e]" started-at="2021-09-07T20:14:24Z" name="seup" finished-at="2021-09-07T20:14:39Z" duration-ms="14298" status="PASS">
          <reporter-output>
          </reporter-output>
        </test-method> <!-- seup -->
        <test-method signature="LoginTest(java.lang.String, java.lang.String)[pri:2, instance:com.actitime.qa.testcases.LogonPageTest@3f56875e]" started-at="2021-09-07T20:14:39Z" name="LoginTest" data-provider="getactiTimeTestData" finished-at="2021-09-07T20:14:40Z" duration-ms="983" status="PASS">
          <params>
            <param index="0">
              <value>
                <![CDATA[trainee]]>
              </value>
            </param>
            <param index="1">
              <value>
                <![CDATA[trainee]]>
              </value>
            </param>
          </params>
          <reporter-output>
          </reporter-output>
        </test-method> <!-- LoginTest -->
        <test-method is-config="true" signature="tearDown()[pri:0, instance:com.actitime.qa.testcases.LogonPageTest@3f56875e]" started-at="2021-09-07T20:14:40Z" name="tearDown" finished-at="2021-09-07T20:14:40Z" duration-ms="79" status="PASS">
          <reporter-output>
          </reporter-output>
        </test-method> <!-- tearDown -->
      </class> <!-- com.actitime.qa.testcases.LogonPageTest -->
    </test> <!-- UCSC Test Automation Demo Testcases -->
  </suite> <!-- UCSC Test Automation Demo -->
</testng-results>
